<?xml version="1.0" encoding="UTF-8"?>
<!-- Generated by org.testng.reporters.JUnitReportReporter -->
<testsuite skipped="0" hostname="200411LTP0267" name="testcases.TC001_LogInAndLogOut" tests="1" failures="0" timestamp="06 Mar 2018 03:48:44 GMT" time="66.652" errors="0">
  <testcase name="logInAndLogOut" time="66.652" classname="testcases.TC001_LogInAndLogOut"/>
</testsuite> <!-- testcases.TC001_LogInAndLogOut -->
