<?xml version="1.0" encoding="UTF-8"?>
<!-- Generated by org.testng.reporters.JUnitReportReporter -->
<testsuite hostname="WINDOWS-7K5DJPU" name="testcases.TC007_MergeLead" tests="1" failures="0" timestamp="19 Jan 2018 19:31:28 GMT" time="153.053" errors="0">
  <testcase name="MergeLeads" time="153.053" classname="testcases.TC007_MergeLead"/>
</testsuite> <!-- testcases.TC007_MergeLead -->
