<?xml version="1.0" encoding="UTF-8"?>
<!-- Generated by org.testng.reporters.JUnitReportReporter -->
<testsuite skipped="0" hostname="200411LTP0267" name="testcases.TC003_CreateLead" tests="1" failures="0" timestamp="04 Mar 2018 04:00:05 GMT" time="31.269" errors="0">
  <testcase name="createLead" time="31.269" classname="testcases.TC003_CreateLead"/>
</testsuite> <!-- testcases.TC003_CreateLead -->
