<?xml version="1.0" encoding="UTF-8"?>
<!-- Generated by org.testng.reporters.JUnitReportReporter -->
<testsuite hostname="WINDOWS-7K5DJPU" name="testcases.TC002_LogInForFailure" tests="4" failures="0" timestamp="10 Jan 2018 05:26:26 GMT" time="183.680" errors="0">
  <testcase name="logInAndLogOut" time="41.757" classname="testcases.TC002_LogInForFailure"/>
  <testcase name="logInAndLogOut" time="53.211" classname="testcases.TC002_LogInForFailure"/>
  <testcase name="logInAndLogOut" time="51.593" classname="testcases.TC002_LogInForFailure"/>
  <testcase name="logInAndLogOut" time="37.119" classname="testcases.TC002_LogInForFailure"/>
</testsuite> <!-- testcases.TC002_LogInForFailure -->
