<?xml version="1.0" encoding="UTF-8"?>
<!-- Generated by org.testng.reporters.JUnitReportReporter -->
<testsuite hostname="WINDOWS-7K5DJPU" name="testcases.TC005_DeleteLead" tests="2" failures="0" timestamp="19 Jan 2018 17:42:38 GMT" time="202.415" errors="0">
  <testcase name="deleteLead" time="124.595" classname="testcases.TC005_DeleteLead"/>
  <testcase name="deleteLead" time="77.820" classname="testcases.TC005_DeleteLead"/>
</testsuite> <!-- testcases.TC005_DeleteLead -->
